{"/Users/jjyqian/IDX Exchange SDE/backend/routes/properties.js": {"path":"/Users/jjyqian/IDX Exchange SDE/backend/routes/properties.js","statementMap":{"0":{"start":{"line":1,"column":16},"end":{"line":1,"column":34}},"1":{"start":{"line":2,"column":15},"end":{"line":2,"column":31}},"2":{"start":{"line":3,"column":13},"end":{"line":3,"column":29}},"3":{"start":{"line":5,"column":0},"end":{"line":282,"column":3}},"4":{"start":{"line":6,"column":2},"end":{"line":281,"column":3}},"5":{"start":{"line":18,"column":8},"end":{"line":18,"column":17}},"6":{"start":{"line":22,"column":24},"end":{"line":22,"column":37}},"7":{"start":{"line":23,"column":25},"end":{"line":23,"column":39}},"8":{"start":{"line":26,"column":6},"end":{"line":26,"column":59}},"9":{"start":{"line":29,"column":6},"end":{"line":29,"column":59}},"10":{"start":{"line":32,"column":6},"end":{"line":32,"column":51}},"11":{"start":{"line":35,"column":6},"end":{"line":35,"column":53}},"12":{"start":{"line":41,"column":4},"end":{"line":49,"column":5}},"13":{"start":{"line":46,"column":6},"end":{"line":48,"column":9}},"14":{"start":{"line":51,"column":4},"end":{"line":58,"column":5}},"15":{"start":{"line":55,"column":6},"end":{"line":57,"column":9}},"16":{"start":{"line":64,"column":4},"end":{"line":72,"column":5}},"17":{"start":{"line":69,"column":6},"end":{"line":71,"column":9}},"18":{"start":{"line":74,"column":4},"end":{"line":82,"column":5}},"19":{"start":{"line":79,"column":6},"end":{"line":81,"column":9}},"20":{"start":{"line":84,"column":4},"end":{"line":92,"column":5}},"21":{"start":{"line":89,"column":6},"end":{"line":91,"column":9}},"22":{"start":{"line":94,"column":4},"end":{"line":102,"column":5}},"23":{"start":{"line":99,"column":6},"end":{"line":101,"column":9}},"24":{"start":{"line":104,"column":4},"end":{"line":112,"column":5}},"25":{"start":{"line":109,"column":6},"end":{"line":111,"column":9}},"26":{"start":{"line":118,"column":30},"end":{"line":123,"column":5}},"27":{"start":{"line":125,"column":4},"end":{"line":132,"column":5}},"28":{"start":{"line":129,"column":6},"end":{"line":131,"column":9}},"29":{"start":{"line":134,"column":4},"end":{"line":141,"column":5}},"30":{"start":{"line":138,"column":6},"end":{"line":140,"column":9}},"31":{"start":{"line":147,"column":23},"end":{"line":147,"column":25}},"32":{"start":{"line":148,"column":19},"end":{"line":148,"column":21}},"33":{"start":{"line":150,"column":4},"end":{"line":163,"column":5}},"34":{"start":{"line":151,"column":26},"end":{"line":151,"column":37}},"35":{"start":{"line":153,"column":6},"end":{"line":157,"column":7}},"36":{"start":{"line":154,"column":8},"end":{"line":156,"column":11}},"37":{"start":{"line":159,"column":6},"end":{"line":161,"column":8}},"38":{"start":{"line":162,"column":6},"end":{"line":162,"column":31}},"39":{"start":{"line":165,"column":4},"end":{"line":176,"column":5}},"40":{"start":{"line":166,"column":29},"end":{"line":166,"column":43}},"41":{"start":{"line":168,"column":6},"end":{"line":172,"column":7}},"42":{"start":{"line":169,"column":8},"end":{"line":171,"column":11}},"43":{"start":{"line":174,"column":6},"end":{"line":174,"column":41}},"44":{"start":{"line":175,"column":6},"end":{"line":175,"column":34}},"45":{"start":{"line":178,"column":4},"end":{"line":181,"column":5}},"46":{"start":{"line":179,"column":6},"end":{"line":179,"column":44}},"47":{"start":{"line":180,"column":6},"end":{"line":180,"column":34}},"48":{"start":{"line":183,"column":4},"end":{"line":186,"column":5}},"49":{"start":{"line":184,"column":6},"end":{"line":184,"column":44}},"50":{"start":{"line":185,"column":6},"end":{"line":185,"column":34}},"51":{"start":{"line":188,"column":4},"end":{"line":191,"column":5}},"52":{"start":{"line":189,"column":6},"end":{"line":189,"column":41}},"53":{"start":{"line":190,"column":6},"end":{"line":190,"column":30}},"54":{"start":{"line":193,"column":4},"end":{"line":196,"column":5}},"55":{"start":{"line":194,"column":6},"end":{"line":194,"column":39}},"56":{"start":{"line":195,"column":6},"end":{"line":195,"column":31}},"57":{"start":{"line":199,"column":6},"end":{"line":201,"column":12}},"58":{"start":{"line":204,"column":6},"end":{"line":206,"column":32}},"59":{"start":{"line":212,"column":21},"end":{"line":216,"column":5}},"60":{"start":{"line":218,"column":24},"end":{"line":221,"column":5}},"61":{"start":{"line":227,"column":20},"end":{"line":248,"column":5}},"62":{"start":{"line":250,"column":23},"end":{"line":254,"column":5}},"63":{"start":{"line":256,"column":19},"end":{"line":259,"column":5}},"64":{"start":{"line":265,"column":4},"end":{"line":270,"column":7}},"65":{"start":{"line":272,"column":4},"end":{"line":275,"column":6}},"66":{"start":{"line":277,"column":4},"end":{"line":280,"column":7}},"67":{"start":{"line":284,"column":0},"end":{"line":332,"column":3}},"68":{"start":{"line":285,"column":2},"end":{"line":331,"column":3}},"69":{"start":{"line":286,"column":19},"end":{"line":286,"column":29}},"70":{"start":{"line":288,"column":4},"end":{"line":292,"column":5}},"71":{"start":{"line":289,"column":6},"end":{"line":291,"column":9}},"72":{"start":{"line":294,"column":27},"end":{"line":302,"column":5}},"73":{"start":{"line":304,"column":4},"end":{"line":308,"column":5}},"74":{"start":{"line":305,"column":6},"end":{"line":307,"column":9}},"75":{"start":{"line":310,"column":28},"end":{"line":318,"column":5}},"76":{"start":{"line":320,"column":4},"end":{"line":320,"column":35}},"77":{"start":{"line":322,"column":4},"end":{"line":325,"column":6}},"78":{"start":{"line":327,"column":4},"end":{"line":330,"column":7}},"79":{"start":{"line":335,"column":0},"end":{"line":373,"column":3}},"80":{"start":{"line":336,"column":2},"end":{"line":372,"column":3}},"81":{"start":{"line":337,"column":19},"end":{"line":337,"column":29}},"82":{"start":{"line":339,"column":4},"end":{"line":343,"column":5}},"83":{"start":{"line":340,"column":6},"end":{"line":342,"column":9}},"84":{"start":{"line":345,"column":19},"end":{"line":353,"column":5}},"85":{"start":{"line":355,"column":4},"end":{"line":359,"column":5}},"86":{"start":{"line":356,"column":6},"end":{"line":358,"column":9}},"87":{"start":{"line":361,"column":4},"end":{"line":361,"column":29}},"88":{"start":{"line":363,"column":4},"end":{"line":366,"column":6}},"89":{"start":{"line":368,"column":4},"end":{"line":371,"column":7}},"90":{"start":{"line":375,"column":0},"end":{"line":375,"column":24}}},"fnMap":{"0":{"name":"(anonymous_0)","decl":{"start":{"line":5,"column":16},"end":{"line":5,"column":17}},"loc":{"start":{"line":5,"column":36},"end":{"line":282,"column":1}},"line":5},"1":{"name":"(anonymous_1)","decl":{"start":{"line":284,"column":30},"end":{"line":284,"column":31}},"loc":{"start":{"line":284,"column":50},"end":{"line":332,"column":1}},"line":284},"2":{"name":"(anonymous_2)","decl":{"start":{"line":335,"column":19},"end":{"line":335,"column":20}},"loc":{"start":{"line":335,"column":39},"end":{"line":373,"column":1}},"line":335}},"branchMap":{"0":{"loc":{"start":{"line":16,"column":6},"end":{"line":16,"column":18}},"type":"default-arg","locations":[{"start":{"line":16,"column":14},"end":{"line":16,"column":18}}],"line":16},"1":{"loc":{"start":{"line":17,"column":6},"end":{"line":17,"column":18}},"type":"default-arg","locations":[{"start":{"line":17,"column":15},"end":{"line":17,"column":18}}],"line":17},"2":{"loc":{"start":{"line":26,"column":6},"end":{"line":26,"column":59}},"type":"cond-expr","locations":[{"start":{"line":26,"column":31},"end":{"line":26,"column":47}},{"start":{"line":26,"column":50},"end":{"line":26,"column":59}}],"line":26},"3":{"loc":{"start":{"line":29,"column":6},"end":{"line":29,"column":59}},"type":"cond-expr","locations":[{"start":{"line":29,"column":31},"end":{"line":29,"column":47}},{"start":{"line":29,"column":50},"end":{"line":29,"column":59}}],"line":29},"4":{"loc":{"start":{"line":32,"column":6},"end":{"line":32,"column":51}},"type":"cond-expr","locations":[{"start":{"line":32,"column":27},"end":{"line":32,"column":39}},{"start":{"line":32,"column":42},"end":{"line":32,"column":51}}],"line":32},"5":{"loc":{"start":{"line":35,"column":6},"end":{"line":35,"column":53}},"type":"cond-expr","locations":[{"start":{"line":35,"column":28},"end":{"line":35,"column":41}},{"start":{"line":35,"column":44},"end":{"line":35,"column":53}}],"line":35},"6":{"loc":{"start":{"line":41,"column":4},"end":{"line":49,"column":5}},"type":"if","locations":[{"start":{"line":41,"column":4},"end":{"line":49,"column":5}},{"start":{},"end":{}}],"line":41},"7":{"loc":{"start":{"line":42,"column":6},"end":{"line":44,"column":23}},"type":"binary-expr","locations":[{"start":{"line":42,"column":6},"end":{"line":42,"column":36}},{"start":{"line":43,"column":6},"end":{"line":43,"column":21}},{"start":{"line":44,"column":6},"end":{"line":44,"column":23}}],"line":42},"8":{"loc":{"start":{"line":51,"column":4},"end":{"line":58,"column":5}},"type":"if","locations":[{"start":{"line":51,"column":4},"end":{"line":58,"column":5}},{"start":{},"end":{}}],"line":51},"9":{"loc":{"start":{"line":52,"column":6},"end":{"line":53,"column":22}},"type":"binary-expr","locations":[{"start":{"line":52,"column":6},"end":{"line":52,"column":37}},{"start":{"line":53,"column":6},"end":{"line":53,"column":22}}],"line":52},"10":{"loc":{"start":{"line":64,"column":4},"end":{"line":72,"column":5}},"type":"if","locations":[{"start":{"line":64,"column":4},"end":{"line":72,"column":5}},{"start":{},"end":{}}],"line":64},"11":{"loc":{"start":{"line":65,"column":6},"end":{"line":67,"column":27}},"type":"binary-expr","locations":[{"start":{"line":65,"column":6},"end":{"line":65,"column":28}},{"start":{"line":66,"column":7},"end":{"line":66,"column":39}},{"start":{"line":67,"column":8},"end":{"line":67,"column":26}}],"line":65},"12":{"loc":{"start":{"line":74,"column":4},"end":{"line":82,"column":5}},"type":"if","locations":[{"start":{"line":74,"column":4},"end":{"line":82,"column":5}},{"start":{},"end":{}}],"line":74},"13":{"loc":{"start":{"line":75,"column":6},"end":{"line":77,"column":27}},"type":"binary-expr","locations":[{"start":{"line":75,"column":6},"end":{"line":75,"column":28}},{"start":{"line":76,"column":7},"end":{"line":76,"column":39}},{"start":{"line":77,"column":8},"end":{"line":77,"column":26}}],"line":75},"14":{"loc":{"start":{"line":84,"column":4},"end":{"line":92,"column":5}},"type":"if","locations":[{"start":{"line":84,"column":4},"end":{"line":92,"column":5}},{"start":{},"end":{}}],"line":84},"15":{"loc":{"start":{"line":85,"column":6},"end":{"line":87,"column":23}},"type":"binary-expr","locations":[{"start":{"line":85,"column":6},"end":{"line":85,"column":24}},{"start":{"line":86,"column":7},"end":{"line":86,"column":36}},{"start":{"line":87,"column":8},"end":{"line":87,"column":22}}],"line":85},"16":{"loc":{"start":{"line":94,"column":4},"end":{"line":102,"column":5}},"type":"if","locations":[{"start":{"line":94,"column":4},"end":{"line":102,"column":5}},{"start":{},"end":{}}],"line":94},"17":{"loc":{"start":{"line":95,"column":6},"end":{"line":97,"column":24}},"type":"binary-expr","locations":[{"start":{"line":95,"column":6},"end":{"line":95,"column":25}},{"start":{"line":96,"column":7},"end":{"line":96,"column":37}},{"start":{"line":97,"column":8},"end":{"line":97,"column":23}}],"line":95},"18":{"loc":{"start":{"line":104,"column":4},"end":{"line":112,"column":5}},"type":"if","locations":[{"start":{"line":104,"column":4},"end":{"line":112,"column":5}},{"start":{},"end":{}}],"line":104},"19":{"loc":{"start":{"line":105,"column":6},"end":{"line":107,"column":37}},"type":"binary-expr","locations":[{"start":{"line":105,"column":6},"end":{"line":105,"column":34}},{"start":{"line":106,"column":6},"end":{"line":106,"column":34}},{"start":{"line":107,"column":6},"end":{"line":107,"column":37}}],"line":105},"20":{"loc":{"start":{"line":125,"column":4},"end":{"line":132,"column":5}},"type":"if","locations":[{"start":{"line":125,"column":4},"end":{"line":132,"column":5}},{"start":{},"end":{}}],"line":125},"21":{"loc":{"start":{"line":126,"column":6},"end":{"line":127,"column":41}},"type":"binary-expr","locations":[{"start":{"line":126,"column":6},"end":{"line":126,"column":26}},{"start":{"line":127,"column":6},"end":{"line":127,"column":41}}],"line":126},"22":{"loc":{"start":{"line":134,"column":4},"end":{"line":141,"column":5}},"type":"if","locations":[{"start":{"line":134,"column":4},"end":{"line":141,"column":5}},{"start":{},"end":{}}],"line":134},"23":{"loc":{"start":{"line":135,"column":6},"end":{"line":136,"column":56}},"type":"binary-expr","locations":[{"start":{"line":135,"column":6},"end":{"line":135,"column":29}},{"start":{"line":136,"column":6},"end":{"line":136,"column":56}}],"line":135},"24":{"loc":{"start":{"line":150,"column":4},"end":{"line":163,"column":5}},"type":"if","locations":[{"start":{"line":150,"column":4},"end":{"line":163,"column":5}},{"start":{},"end":{}}],"line":150},"25":{"loc":{"start":{"line":153,"column":6},"end":{"line":157,"column":7}},"type":"if","locations":[{"start":{"line":153,"column":6},"end":{"line":157,"column":7}},{"start":{},"end":{}}],"line":153},"26":{"loc":{"start":{"line":165,"column":4},"end":{"line":176,"column":5}},"type":"if","locations":[{"start":{"line":165,"column":4},"end":{"line":176,"column":5}},{"start":{},"end":{}}],"line":165},"27":{"loc":{"start":{"line":168,"column":6},"end":{"line":172,"column":7}},"type":"if","locations":[{"start":{"line":168,"column":6},"end":{"line":172,"column":7}},{"start":{},"end":{}}],"line":168},"28":{"loc":{"start":{"line":178,"column":4},"end":{"line":181,"column":5}},"type":"if","locations":[{"start":{"line":178,"column":4},"end":{"line":181,"column":5}},{"start":{},"end":{}}],"line":178},"29":{"loc":{"start":{"line":183,"column":4},"end":{"line":186,"column":5}},"type":"if","locations":[{"start":{"line":183,"column":4},"end":{"line":186,"column":5}},{"start":{},"end":{}}],"line":183},"30":{"loc":{"start":{"line":188,"column":4},"end":{"line":191,"column":5}},"type":"if","locations":[{"start":{"line":188,"column":4},"end":{"line":191,"column":5}},{"start":{},"end":{}}],"line":188},"31":{"loc":{"start":{"line":193,"column":4},"end":{"line":196,"column":5}},"type":"if","locations":[{"start":{"line":193,"column":4},"end":{"line":196,"column":5}},{"start":{},"end":{}}],"line":193},"32":{"loc":{"start":{"line":199,"column":6},"end":{"line":201,"column":12}},"type":"cond-expr","locations":[{"start":{"line":200,"column":10},"end":{"line":200,"column":45}},{"start":{"line":201,"column":10},"end":{"line":201,"column":12}}],"line":199},"33":{"loc":{"start":{"line":204,"column":6},"end":{"line":206,"column":32}},"type":"cond-expr","locations":[{"start":{"line":205,"column":10},"end":{"line":205,"column":67}},{"start":{"line":206,"column":10},"end":{"line":206,"column":32}}],"line":204},"34":{"loc":{"start":{"line":205,"column":32},"end":{"line":205,"column":65}},"type":"binary-expr","locations":[{"start":{"line":205,"column":32},"end":{"line":205,"column":56}},{"start":{"line":205,"column":60},"end":{"line":205,"column":65}}],"line":205},"35":{"loc":{"start":{"line":288,"column":4},"end":{"line":292,"column":5}},"type":"if","locations":[{"start":{"line":288,"column":4},"end":{"line":292,"column":5}},{"start":{},"end":{}}],"line":288},"36":{"loc":{"start":{"line":304,"column":4},"end":{"line":308,"column":5}},"type":"if","locations":[{"start":{"line":304,"column":4},"end":{"line":308,"column":5}},{"start":{},"end":{}}],"line":304},"37":{"loc":{"start":{"line":339,"column":4},"end":{"line":343,"column":5}},"type":"if","locations":[{"start":{"line":339,"column":4},"end":{"line":343,"column":5}},{"start":{},"end":{}}],"line":339},"38":{"loc":{"start":{"line":355,"column":4},"end":{"line":359,"column":5}},"type":"if","locations":[{"start":{"line":355,"column":4},"end":{"line":359,"column":5}},{"start":{},"end":{}}],"line":355}},"s":{"0":1,"1":1,"2":1,"3":1,"4":17,"5":17,"6":17,"7":17,"8":17,"9":17,"10":17,"11":17,"12":17,"13":3,"14":14,"15":1,"16":13,"17":1,"18":12,"19":1,"20":11,"21":1,"22":10,"23":1,"24":9,"25":1,"26":8,"27":8,"28":1,"29":7,"30":1,"31":6,"32":6,"33":6,"34":2,"35":2,"36":1,"37":1,"38":1,"39":5,"40":2,"41":2,"42":1,"43":1,"44":1,"45":4,"46":1,"47":1,"48":4,"49":1,"50":1,"51":4,"52":1,"53":1,"54":4,"55":1,"56":1,"57":4,"58":4,"59":4,"60":4,"61":4,"62":4,"63":4,"64":4,"65":0,"66":0,"67":1,"68":4,"69":4,"70":4,"71":1,"72":3,"73":3,"74":1,"75":2,"76":2,"77":0,"78":0,"79":1,"80":3,"81":3,"82":3,"83":1,"84":2,"85":2,"86":1,"87":1,"88":0,"89":0,"90":1},"f":{"0":17,"1":4,"2":3},"b":{"0":[13],"1":[15],"2":[3,14],"3":[3,14],"4":[2,15],"5":[2,15],"6":[3,14],"7":[17,16,15],"8":[1,13],"9":[14,14],"10":[1,12],"11":[13,3,3],"12":[1,11],"13":[12,3,2],"14":[1,10],"15":[11,2,2],"16":[1,9],"17":[10,2,1],"18":[1,8],"19":[9,2,2],"20":[1,7],"21":[8,2],"22":[1,6],"23":[7,2],"24":[2,4],"25":[1,1],"26":[2,3],"27":[1,1],"28":[1,3],"29":[1,3],"30":[1,3],"31":[1,3],"32":[1,3],"33":[1,3],"34":[1,0],"35":[1,3],"36":[1,2],"37":[1,2],"38":[1,1]},"_coverageSchema":"1a1c01bbd47fc00a2c39e90264f33305004495a9","hash":"483802a505e4ce4a1e78f589487f3fa99e5a37c5"}
}
