TN:
SF:routes/properties.js
FN:5,(anonymous_0)
FN:284,(anonymous_1)
FN:335,(anonymous_2)
FNF:3
FNH:3
FNDA:17,(anonymous_0)
FNDA:4,(anonymous_1)
FNDA:3,(anonymous_2)
DA:1,1
DA:2,1
DA:3,1
DA:5,1
DA:6,17
DA:18,17
DA:22,17
DA:23,17
DA:26,17
DA:29,17
DA:32,17
DA:35,17
DA:41,17
DA:46,3
DA:51,14
DA:55,1
DA:64,13
DA:69,1
DA:74,12
DA:79,1
DA:84,11
DA:89,1
DA:94,10
DA:99,1
DA:104,9
DA:109,1
DA:118,8
DA:125,8
DA:129,1
DA:134,7
DA:138,1
DA:147,6
DA:148,6
DA:150,6
DA:151,2
DA:153,2
DA:154,1
DA:159,1
DA:162,1
DA:165,5
DA:166,2
DA:168,2
DA:169,1
DA:174,1
DA:175,1
DA:178,4
DA:179,1
DA:180,1
DA:183,4
DA:184,1
DA:185,1
DA:188,4
DA:189,1
DA:190,1
DA:193,4
DA:194,1
DA:195,1
DA:199,4
DA:204,4
DA:212,4
DA:218,4
DA:227,4
DA:250,4
DA:256,4
DA:265,4
DA:272,0
DA:277,0
DA:284,1
DA:285,4
DA:286,4
DA:288,4
DA:289,1
DA:294,3
DA:304,3
DA:305,1
DA:310,2
DA:320,2
DA:322,0
DA:327,0
DA:335,1
DA:336,3
DA:337,3
DA:339,3
DA:340,1
DA:345,2
DA:355,2
DA:356,1
DA:361,1
DA:363,0
DA:368,0
DA:375,1
LF:91
LH:85
BRDA:16,0,0,13
BRDA:17,1,0,15
BRDA:26,2,0,3
BRDA:26,2,1,14
BRDA:29,3,0,3
BRDA:29,3,1,14
BRDA:32,4,0,2
BRDA:32,4,1,15
BRDA:35,5,0,2
BRDA:35,5,1,15
BRDA:41,6,0,3
BRDA:41,6,1,14
BRDA:42,7,0,17
BRDA:42,7,1,16
BRDA:42,7,2,15
BRDA:51,8,0,1
BRDA:51,8,1,13
BRDA:52,9,0,14
BRDA:52,9,1,14
BRDA:64,10,0,1
BRDA:64,10,1,12
BRDA:65,11,0,13
BRDA:65,11,1,3
BRDA:65,11,2,3
BRDA:74,12,0,1
BRDA:74,12,1,11
BRDA:75,13,0,12
BRDA:75,13,1,3
BRDA:75,13,2,2
BRDA:84,14,0,1
BRDA:84,14,1,10
BRDA:85,15,0,11
BRDA:85,15,1,2
BRDA:85,15,2,2
BRDA:94,16,0,1
BRDA:94,16,1,9
BRDA:95,17,0,10
BRDA:95,17,1,2
BRDA:95,17,2,1
BRDA:104,18,0,1
BRDA:104,18,1,8
BRDA:105,19,0,9
BRDA:105,19,1,2
BRDA:105,19,2,2
BRDA:125,20,0,1
BRDA:125,20,1,7
BRDA:126,21,0,8
BRDA:126,21,1,2
BRDA:134,22,0,1
BRDA:134,22,1,6
BRDA:135,23,0,7
BRDA:135,23,1,2
BRDA:150,24,0,2
BRDA:150,24,1,4
BRDA:153,25,0,1
BRDA:153,25,1,1
BRDA:165,26,0,2
BRDA:165,26,1,3
BRDA:168,27,0,1
BRDA:168,27,1,1
BRDA:178,28,0,1
BRDA:178,28,1,3
BRDA:183,29,0,1
BRDA:183,29,1,3
BRDA:188,30,0,1
BRDA:188,30,1,3
BRDA:193,31,0,1
BRDA:193,31,1,3
BRDA:199,32,0,1
BRDA:199,32,1,3
BRDA:204,33,0,1
BRDA:204,33,1,3
BRDA:205,34,0,1
BRDA:205,34,1,0
BRDA:288,35,0,1
BRDA:288,35,1,3
BRDA:304,36,0,1
BRDA:304,36,1,2
BRDA:339,37,0,1
BRDA:339,37,1,2
BRDA:355,38,0,1
BRDA:355,38,1,1
BRF:82
BRH:81
end_of_record
